INFO 2025-12-21 16:21:07 db_utils.py:102 [1m[34mLogs will be synced with wandb.[0m
INFO 2025-12-21 16:21:07 db_utils.py:103 Track this run --> [1m[33mhttps://wandb.ai/meghanam4-hack-club/lerobot/runs/fj768rxr[0m
INFO 2025-12-21 16:21:07 ot_train.py:183 Creating dataset
meta/episodes/chunk-000/file-001.parquet: 100%|█| 103k/103k [00:00<00:00, 362kB/
meta/episodes/chunk-000/file-005.parquet: 100%|█| 111k/111k [00:00<00:00, 248kB/
meta/episodes/chunk-000/file-007.parquet: 100%|█| 110k/110k [00:00<00:00, 279kB/
meta/episodes/chunk-000/file-006.parquet: 100%|█| 111k/111k [00:00<00:00, 227kB/
meta/episodes/chunk-000/file-000.parquet: 100%|█| 104k/104k [00:00<00:00, 233kB/
meta/episodes/chunk-000/file-002.parquet: 100%|█| 110k/110k [00:00<00:00, 221kB/
meta/episodes/chunk-000/file-003.parquet: 100%|█| 110k/110k [00:00<00:00, 203kB/
meta/episodes/chunk-000/file-004.parquet: 100%|█| 102k/102k [00:00<00:00, 183kB/
meta/episodes/chunk-000/file-008.parquet: 100%|█| 102k/102k [00:00<00:00, 279kB/
meta/episodes/chunk-000/file-010.parquet: 100%|█| 102k/102k [00:00<00:00, 352kB/
meta/episodes/chunk-000/file-009.parquet: 100%|█| 102k/102k [00:00<00:00, 252kB/
meta/episodes/chunk-000/file-012.parquet: 100%|█| 111k/111k [00:00<00:00, 369kB/
meta/episodes/chunk-000/file-014.parquet: 100%|█| 61.0k/61.0k [00:00<00:00, 179k
meta/episodes/chunk-000/file-011.parquet: 100%|█| 111k/111k [00:00<00:00, 278kB/
meta/episodes/chunk-000/file-013.parquet: 100%|█| 111k/111k [00:00<00:00, 290kB/
meta/episodes/chunk-000/file-015.parquet: 100%|█| 111k/111k [00:00<00:00, 268kB/
meta/episodes/chunk-000/file-016.parquet: 100%|█| 111k/111k [00:00<00:00, 345kB/
meta/episodes/chunk-000/file-017.parquet: 100%|█| 111k/111k [00:00<00:00, 334kB/
meta/episodes/chunk-000/file-018.parquet: 100%|█| 111k/111k [00:00<00:00, 348kB/
meta/episodes/chunk-000/file-019.parquet: 100%|█| 102k/102k [00:00<00:00, 279kB/
meta/episodes/chunk-000/file-020.parquet: 100%|█| 112k/112k [00:00<00:00, 353kB/
meta/episodes/chunk-000/file-021.parquet: 100%|█| 111k/111k [00:00<00:00, 330kB/
meta/episodes/chunk-000/file-022.parquet: 100%|█| 111k/111k [00:00<00:00, 322kB/
meta/episodes/chunk-000/file-023.parquet: 100%|█| 102k/102k [00:00<00:00, 263kB/
meta/episodes/chunk-000/file-025.parquet: 100%|█| 61.0k/61.0k [00:00<00:00, 268k
meta/episodes/chunk-000/file-024.parquet: 100%|█| 63.5k/63.5k [00:00<00:00, 178k
meta/episodes/chunk-000/file-026.parquet: 100%|█| 111k/111k [00:00<00:00, 475kB/
meta/episodes/chunk-000/file-028.parquet: 100%|█| 111k/111k [00:00<00:00, 355kB/
meta/episodes/chunk-000/file-030.parquet: 100%|█| 111k/111k [00:00<00:00, 447kB/
meta/episodes/chunk-000/file-027.parquet: 100%|█| 102k/102k [00:00<00:00, 281kB/
meta/episodes/chunk-000/file-029.parquet: 100%|█| 111k/111k [00:00<00:00, 314kB/
meta/episodes/chunk-000/file-031.parquet: 100%|█| 112k/112k [00:00<00:00, 353kB/
meta/episodes/chunk-000/file-032.parquet: 100%|█| 102k/102k [00:00<00:00, 320kB/
meta/episodes/chunk-000/file-033.parquet: 100%|█| 111k/111k [00:00<00:00, 339kB/
meta/episodes/chunk-000/file-035.parquet: 100%|█| 102k/102k [00:00<00:00, 748kB/
meta/episodes/chunk-000/file-034.parquet: 100%|█| 102k/102k [00:00<00:00, 244kB/
info.json: 3.86kB [00:00, 19.3MB/s]███████▎     | 35/46 [00:02<00:00, 19.52it/s]
meta/episodes/chunk-000/file-038.parquet: 100%|█| 111k/111k [00:00<00:00, 391kB/
meta/episodes/chunk-000/file-037.parquet: 100%|█| 111k/111k [00:00<00:00, 276kB/
meta/episodes/chunk-000/file-039.parquet: 100%|█| 110k/110k [00:00<00:00, 368kB/
meta/episodes/chunk-000/file-040.parquet: 100%|█| 111k/111k [00:00<00:00, 401kB/
stats.json: 16.1kB [00:00, 56.8MB/s]quet: 100%|█| 111k/111k [00:00<00:00, 276kB/
meta/episodes/chunk-000/file-036.parquet: 100%|█| 102k/102k [00:00<00:00, 228kB/
meta/episodes/chunk-000/file-041.parquet: 100%|█| 103k/103k [00:00<00:00, 299kB/
meta/episodes/chunk-000/file-042.parquet: 100%|█| 113k/113k [00:00<00:00, 412kB/
meta/tasks.parquet: 100%|██████████████████| 2.18k/2.18k [00:00<00:00, 9.14kB/s]
Fetching 46 files: 100%|████████████████████████| 46/46 [00:02<00:00, 16.24it/s]
.gitattributes: 2.46kB [00:00, 14.2MB/s]                | 0/221 [00:00<?, ?it/s]
data/chunk-000/file-005.parquet: 100%|███████| 134k/134k [00:00<00:00, 1.08MB/s]
data/chunk-000/file-000.parquet: 100%|██████| 50.3k/50.3k [00:00<00:00, 271kB/s]
README.md: 4.35kB [00:00, 11.9MB/s]0%|██████| 50.3k/50.3k [00:00<00:00, 272kB/s]
data/chunk-000/file-003.parquet: 100%|████████| 105k/105k [00:00<00:00, 440kB/s]
data/chunk-000/file-001.parquet: 100%|██████| 49.7k/49.7k [00:00<00:00, 267kB/s]
data/chunk-000/file-002.parquet: 100%|████████| 104k/104k [00:00<00:00, 348kB/s]
data/chunk-000/file-006.parquet: 100%|████████| 129k/129k [00:00<00:00, 624kB/s]
data/chunk-000/file-004.parquet: 100%|██████| 83.8k/83.8k [00:00<00:00, 377kB/s]
data/chunk-000/file-008.parquet: 100%|██████| 48.8k/48.8k [00:00<00:00, 396kB/s]
data/chunk-000/file-011.parquet: 100%|███████| 115k/115k [00:00<00:00, 1.14MB/s]
data/chunk-000/file-009.parquet: 100%|██████| 49.6k/49.6k [00:00<00:00, 296kB/s]
data/chunk-000/file-007.parquet: 100%|████████| 105k/105k [00:00<00:00, 390kB/s]
data/chunk-000/file-010.parquet: 100%|██████| 48.8k/48.8k [00:00<00:00, 203kB/s]
data/chunk-000/file-012.parquet: 100%|████████| 115k/115k [00:00<00:00, 538kB/s]
data/chunk-000/file-013.parquet: 100%|████████| 109k/109k [00:00<00:00, 670kB/s]
data/chunk-000/file-014.parquet: 100%|█████| 7.55k/7.55k [00:00<00:00, 33.4kB/s]
data/chunk-000/file-015.parquet: 100%|████████| 111k/111k [00:00<00:00, 582kB/s]
data/chunk-000/file-016.parquet: 100%|████████| 110k/110k [00:00<00:00, 641kB/s]
data/chunk-000/file-017.parquet: 100%|████████| 112k/112k [00:00<00:00, 569kB/s]
data/chunk-000/file-020.parquet: 100%|████████| 120k/120k [00:00<00:00, 772kB/s]
data/chunk-000/file-019.parquet: 100%|██████| 48.8k/48.8k [00:00<00:00, 260kB/s]
data/chunk-000/file-018.parquet: 100%|████████| 105k/105k [00:00<00:00, 337kB/s]
data/chunk-000/file-021.parquet: 100%|████████| 114k/114k [00:00<00:00, 582kB/s]
data/chunk-000/file-024.parquet: 100%|██████| 15.0k/15.0k [00:00<00:00, 111kB/s]
data/chunk-000/file-025.parquet: 100%|██████| 11.4k/11.4k [00:00<00:00, 121kB/s]
data/chunk-000/file-022.parquet: 100%|████████| 110k/110k [00:00<00:00, 485kB/s]
data/chunk-000/file-023.parquet: 100%|██████| 48.0k/48.0k [00:00<00:00, 188kB/s]
data/chunk-000/file-028.parquet: 100%|████████| 118k/118k [00:00<00:00, 878kB/s]
data/chunk-000/file-027.parquet: 100%|██████| 48.8k/48.8k [00:00<00:00, 219kB/s]
data/chunk-000/file-026.parquet: 100%|████████| 109k/109k [00:00<00:00, 482kB/s]
data/chunk-000/file-030.parquet: 100%|████████| 115k/115k [00:00<00:00, 720kB/s]
data/chunk-000/file-029.parquet: 100%|████████| 107k/107k [00:00<00:00, 404kB/s]
data/chunk-000/file-032.parquet: 100%|██████| 48.9k/48.9k [00:00<00:00, 256kB/s]
data/chunk-000/file-031.parquet: 100%|██████| 88.4k/88.4k [00:00<00:00, 339kB/s]
data/chunk-000/file-034.parquet: 100%|██████| 49.1k/49.1k [00:00<00:00, 307kB/s]
data/chunk-000/file-033.parquet: 100%|██████| 94.8k/94.8k [00:00<00:00, 396kB/s]
data/chunk-000/file-035.parquet: 100%|██████| 73.5k/73.5k [00:00<00:00, 409kB/s]
data/chunk-000/file-036.parquet: 100%|██████| 72.6k/72.6k [00:00<00:00, 305kB/s]
data/chunk-000/file-037.parquet: 100%|████████| 107k/107k [00:00<00:00, 433kB/s]
data/chunk-000/file-041.parquet: 100%|██████| 80.1k/80.1k [00:00<00:00, 542kB/s]
data/chunk-000/file-038.parquet: 100%|████████| 106k/106k [00:00<00:00, 524kB/s]
data/chunk-000/file-040.parquet: 100%|████████| 112k/112k [00:00<00:00, 506kB/s]
data/chunk-000/file-039.parquet: 100%|████████| 103k/103k [00:00<00:00, 492kB/s]
data/chunk-000/file-042.parquet: 100%|████████| 119k/119k [00:00<00:00, 491kB/s]
tmpv5cjs9pj/observation.images.wrist_351(…): 100%|█| 1.21M/1.21M [00:00<00:00, 4
videos/observation.images.side/chunk-000(…): 100%|█| 10.5M/10.5M [00:00<00:00, 7
videos/observation.images.side/chunk-000(…): 100%|█| 18.5M/18.5M [00:00<00:00, 1
videos/observation.images.side/chunk-000(…): 100%|█| 26.2M/26.2M [00:00<00:00, 1
videos/observation.images.side/chunk-000(…): 100%|█| 11.6M/11.6M [00:00<00:00, 2
videos/observation.images.side/chunk-000(…): 100%|█| 26.9M/26.9M [00:00<00:00, 5
videos/observation.images.side/chunk-000(…): 100%|█| 10.2M/10.2M [00:00<00:00, 2
videos/observation.images.side/chunk-000(…): 100%|█| 9.70M/9.70M [00:00<00:00, 3
videos/observation.images.side/chunk-000(…): 100%|█| 20.7M/20.7M [00:00<00:00, 4
videos/observation.images.side/chunk-000(…): 100%|█| 10.3M/10.3M [00:00<00:00, 2
videos/observation.images.side/chunk-000(…): 100%|█| 26.0M/26.0M [00:00<00:00, 4
videos/observation.images.side/chunk-000(…): 100%|█| 18.6M/18.6M [00:00<00:00, 1
videos/observation.images.side/chunk-000(…): 100%|█| 19.6M/19.6M [00:00<00:00, 5
videos/observation.images.side/chunk-000(…): 100%|█| 750k/750k [00:00<00:00, 3.0
videos/observation.images.side/chunk-000(…): 100%|█| 24.2M/24.2M [00:00<00:00, 6
videos/observation.images.side/chunk-000(…): 100%|█| 22.3M/22.3M [00:00<00:00, 4
videos/observation.images.side/chunk-000(…): 100%|█| 24.1M/24.1M [00:00<00:00, 3
videos/observation.images.side/chunk-000(…): 100%|█| 22.0M/22.0M [00:00<00:00, 3
videos/observation.images.side/chunk-000(…): 100%|█| 22.6M/22.6M [00:00<00:00, 3
videos/observation.images.side/chunk-000(…): 100%|█| 10.9M/10.9M [00:00<00:00, 5
videos/observation.images.side/chunk-000(…): 100%|█| 12.3M/12.3M [00:00<00:00, 1
videos/observation.images.side/chunk-000(…): 100%|█| 1.34M/1.34M [00:00<00:00, 6
videos/observation.images.side/chunk-000(…): 100%|█| 741k/741k [00:00<00:00, 6.0
videos/observation.images.side/chunk-000(…): 100%|█| 19.7M/19.7M [00:01<00:00, 1
videos/observation.images.side/chunk-000(…): 100%|█| 27.2M/27.2M [00:00<00:00, 3
videos/observation.images.side/chunk-000(…): 100%|█| 29.0M/29.0M [00:00<00:00, 3
videos/observation.images.side/chunk-000(…): 100%|█| 23.4M/23.4M [00:00<00:00, 3
videos/observation.images.side/chunk-000(…): 100%|█| 14.5M/14.5M [00:00<00:00, 3
videos/observation.images.side/chunk-000(…): 100%|█| 23.6M/23.6M [00:00<00:00, 5
videos/observation.images.side/chunk-000(…): 100%|█| 26.3M/26.3M [00:00<00:00, 5
videos/observation.images.side/chunk-000(…): 100%|█| 16.4M/16.4M [00:00<00:00, 3
videos/observation.images.side/chunk-000(…): 100%|█| 17.3M/17.3M [00:00<00:00, 2
videos/observation.images.side/chunk-000(…): 100%|█| 11.9M/11.9M [00:00<00:00, 1
videos/observation.images.side/chunk-000(…): 100%|█| 28.5M/28.5M [00:00<00:00, 2
videos/observation.images.side/chunk-000(…): 100%|█| 24.8M/24.8M [00:00<00:00, 2
videos/observation.images.side/chunk-000(…): 100%|█| 16.2M/16.2M [00:00<00:00, 2
videos/observation.images.side/chunk-000(…): 100%|█| 28.9M/28.9M [00:00<00:00, 7
videos/observation.images.side/chunk-000(…): 100%|█| 26.9M/26.9M [00:00<00:00, 5
videos/observation.images.side/chunk-000(…): 100%|█| 28.3M/28.3M [00:00<00:00, 3
videos/observation.images.top/chunk-000/(…): 100%|█| 11.6M/11.6M [00:00<00:00, 2
videos/observation.images.side/chunk-000(…): 100%|█| 27.3M/27.3M [00:00<00:00, 2
videos/observation.images.top/chunk-000/(…): 100%|█| 23.7M/23.7M [00:00<00:00, 1
videos/observation.images.side/chunk-000(…): 100%|█| 27.0M/27.0M [00:00<00:00, 4
videos/observation.images.side/chunk-000(…): 100%|█| 24.7M/24.7M [00:00<00:00, 3
videos/observation.images.side/chunk-000(…): 100%|█| 33.2M/33.2M [00:00<00:00, 3
videos/observation.images.top/chunk-000/(…): 100%|█| 11.3M/11.3M [00:00<00:00, 2
videos/observation.images.top/chunk-000/(…): 100%|█| 22.4M/22.4M [00:00<00:00, 6
videos/observation.images.side/chunk-000(…): 100%|█| 22.8M/22.8M [00:01<00:00, 2
videos/observation.images.top/chunk-000/(…): 100%|█| 12.0M/12.0M [00:00<00:00, 1
videos/observation.images.top/chunk-000/(…): 100%|█| 12.1M/12.1M [00:00<00:00, 1
videos/observation.images.top/chunk-000/(…): 100%|█| 23.7M/23.7M [00:00<00:00, 6
videos/observation.images.top/chunk-000/(…): 100%|█| 11.5M/11.5M [00:00<00:00, 4
videos/observation.images.top/chunk-000/(…): 100%|█| 32.9M/32.9M [00:00<00:00, 5
videos/observation.images.top/chunk-000/(…): 100%|█| 34.2M/34.2M [00:00<00:00, 5
videos/observation.images.top/chunk-000/(…): 100%|█| 34.6M/34.6M [00:00<00:00, 4
videos/observation.images.top/chunk-000/(…): 100%|█| 1.45M/1.45M [00:00<00:00, 5
videos/observation.images.top/chunk-000/(…): 100%|█| 22.3M/22.3M [00:00<00:00, 3
videos/observation.images.top/chunk-000/(…): 100%|█| 22.0M/22.0M [00:00<00:00, 4
videos/observation.images.top/chunk-000/(…): 100%|█| 23.2M/23.2M [00:00<00:00, 4
videos/observation.images.top/chunk-000/(…): 100%|█| 22.3M/22.3M [00:00<00:00, 3
videos/observation.images.top/chunk-000/(…): 100%|█| 23.0M/23.0M [00:00<00:00, 4
videos/observation.images.top/chunk-000/(…): 100%|█| 11.6M/11.6M [00:00<00:00, 2
videos/observation.images.top/chunk-000/(…): 100%|█| 21.4M/21.4M [00:00<00:00, 3
videos/observation.images.top/chunk-000/(…): 100%|█| 26.0M/26.0M [00:00<00:00, 4
videos/observation.images.top/chunk-000/(…): 100%|█| 22.1M/22.1M [00:01<00:00, 1
videos/observation.images.top/chunk-000/(…): 100%|█| 2.98M/2.98M [00:00<00:00, 9
videos/observation.images.top/chunk-000/(…): 100%|█| 850k/850k [00:00<00:00, 3.3
videos/observation.images.top/chunk-000/(…): 100%|█| 26.3M/26.3M [00:00<00:00, 3
videos/observation.images.top/chunk-000/(…): 100%|█| 12.9M/12.9M [00:00<00:00, 3
videos/observation.images.top/chunk-000/(…): 100%|█| 25.1M/25.1M [00:00<00:00, 4
videos/observation.images.top/chunk-000/(…): 100%|█| 25.2M/25.2M [00:00<00:00, 2
videos/observation.images.top/chunk-000/(…): 100%|█| 23.9M/23.9M [00:00<00:00, 4
videos/observation.images.top/chunk-000/(…): 100%|█| 24.1M/24.1M [00:00<00:00, 4
videos/observation.images.top/chunk-000/(…): 100%|█| 13.5M/13.5M [00:00<00:00, 2
videos/observation.images.top/chunk-000/(…): 100%|█| 16.9M/16.9M [00:00<00:00, 3
videos/observation.images.top/chunk-000/(…): 100%|█| 12.4M/12.4M [00:00<00:00, 1
videos/observation.images.top/chunk-000/(…): 100%|█| 18.7M/18.7M [00:00<00:00, 3
videos/observation.images.top/chunk-000/(…): 100%|█| 27.1M/27.1M [00:00<00:00, 2
videos/observation.images.top/chunk-000/(…): 100%|█| 13.2M/13.2M [00:00<00:00, 2
videos/observation.images.top/chunk-000/(…): 100%|█| 26.8M/26.8M [00:00<00:00, 5
videos/observation.images.top/chunk-000/(…): 100%|█| 24.7M/24.7M [00:00<00:00, 5
videos/observation.images.top/chunk-000/(…): 100%|█| 26.3M/26.3M [00:00<00:00, 4
videos/observation.images.top/chunk-000/(…): 100%|█| 24.3M/24.3M [00:00<00:00, 4
videos/observation.images.wrist/chunk-00(…): 100%|█| 30.2M/30.2M [00:00<00:00, 1
videos/observation.images.top/chunk-000/(…): 100%|█| 32.7M/32.7M [00:00<00:00, 6
videos/observation.images.wrist/chunk-00(…): 100%|█| 61.1M/61.1M [00:00<00:00, 1
videos/observation.images.top/chunk-000/(…): 100%|█| 30.7M/30.7M [00:01<00:00, 3
videos/observation.images.top/chunk-000/(…): 100%|█| 27.8M/27.8M [00:01<00:00, 2
videos/observation.images.wrist/chunk-00(…): 100%|█| 78.4M/78.4M [00:00<00:00, 1
videos/observation.images.wrist/chunk-00(…): 100%|█| 31.5M/31.5M [00:00<00:00, 2
videos/observation.images.wrist/chunk-00(…): 100%|█| 30.2M/30.2M [00:01<00:00, 2
videos/observation.images.wrist/chunk-00(…): 100%|█| 58.7M/58.7M [00:01<00:00, 5
videos/observation.images.top/chunk-000/(…): 100%|█| 27.0M/27.0M [00:01<00:00, 1
videos/observation.images.wrist/chunk-00(…): 100%|█| 29.8M/29.8M [00:00<00:00, 5
videos/observation.images.wrist/chunk-00(…): 100%|█| 82.8M/82.8M [00:01<00:00, 5
videos/observation.images.wrist/chunk-00(…): 100%|█| 62.5M/62.5M [00:00<00:00, 7
videos/observation.images.wrist/chunk-00(…): 100%|█| 83.5M/83.5M [00:01<00:00, 6
videos/observation.images.wrist/chunk-00(…): 100%|█| 29.9M/29.9M [00:01<00:00, 2
videos/observation.images.wrist/chunk-00(…): 100%|█| 4.45M/4.45M [00:00<00:00, 7
videos/observation.images.wrist/chunk-00(…): 100%|█| 71.0M/71.0M [00:01<00:00, 5
videos/observation.images.wrist/chunk-00(…): 100%|█| 62.8M/62.8M [00:01<00:00, 3
videos/observation.images.wrist/chunk-00(…): 100%|█| 62.5M/62.5M [00:01<00:00, 4
videos/observation.images.wrist/chunk-00(…): 100%|█| 73.7M/73.7M [00:01<00:00, 5
videos/observation.images.wrist/chunk-00(…): 100%|█| 75.8M/75.8M [00:01<00:00, 4
videos/observation.images.wrist/chunk-00(…): 100%|█| 39.2M/39.2M [00:01<00:00, 2
videos/observation.images.wrist/chunk-00(…): 100%|█| 75.7M/75.7M [00:01<00:00, 4
videos/observation.images.wrist/chunk-00(…): 100%|█| 72.0M/72.0M [00:01<00:00, 4
videos/observation.images.wrist/chunk-00(…): 100%|█| 79.9M/79.9M [00:01<00:00, 5
videos/observation.images.wrist/chunk-00(…): 100%|█| 74.6M/74.6M [00:01<00:00, 5
videos/observation.images.wrist/chunk-00(…): 100%|█| 10.6M/10.6M [00:00<00:00, 2
videos/observation.images.wrist/chunk-00(…): 100%|█| 76.4M/76.4M [00:01<00:00, 4
videos/observation.images.wrist/chunk-00(…): 100%|█| 2.53M/2.53M [00:00<00:00, 8
videos/observation.images.wrist/chunk-00(…): 100%|█| 37.8M/37.8M [00:00<00:00, 4
videos/observation.images.wrist/chunk-00(…): 100%|█| 39.7M/39.7M [00:00<00:00, 4
videos/observation.images.wrist/chunk-00(…): 100%|█| 77.5M/77.5M [00:01<00:00, 6
videos/observation.images.wrist/chunk-00(…): 100%|█| 76.2M/76.2M [00:01<00:00, 6
videos/observation.images.wrist/chunk-00(…): 100%|█| 76.9M/76.9M [00:01<00:00, 4
videos/observation.images.wrist/chunk-00(…): 100%|█| 48.8M/48.8M [00:01<00:00, 3
videos/observation.images.wrist/chunk-00(…): 100%|█| 75.5M/75.5M [00:01<00:00, 5
videos/observation.images.wrist/chunk-00(…): 100%|█| 38.3M/38.3M [00:00<00:00, 5
videos/observation.images.wrist/chunk-00(…): 100%|█| 38.5M/38.5M [00:01<00:00, 2
videos/observation.images.wrist/chunk-00(…): 100%|█| 53.0M/53.0M [00:01<00:00, 4
videos/observation.images.wrist/chunk-00(…): 100%|█| 77.3M/77.3M [00:01<00:00, 5
videos/observation.images.wrist/chunk-00(…): 100%|█| 75.6M/75.6M [00:01<00:00, 6
videos/observation.images.wrist/chunk-00(…): 100%|█| 76.1M/76.1M [00:01<00:00, 6
videos/observation.images.wrist/chunk-00(…): 100%|█| 77.5M/77.5M [00:01<00:00, 7
videos/observation.images.wrist/chunk-00(…): 100%|█| 77.9M/77.9M [00:01<00:00, 4
videos/observation.images.wrist/chunk-00(…): 100%|█| 91.6M/91.6M [00:01<00:00, 7
videos/observation.images.wrist/chunk-00(…): 100%|█| 92.7M/92.7M [00:01<00:00, 5
videos/observation.images.wrist/chunk-00(…): 100%|█| 77.5M/77.5M [00:01<00:00, 4
Fetching 221 files: 100%|█████████████████████| 221/221 [00:15<00:00, 13.84it/s]
INFO 2025-12-21 16:21:27 ot_train.py:202 Creating policy
100%|███████████████████████████████████████| 44.7M/44.7M [00:00<00:00, 155MB/s]
INFO 2025-12-21 16:21:28 ot_train.py:247 Creating optimizer and scheduler0:00, 6
INFO 2025-12-21 16:21:28 ot_train.py:259 [1m[33mOutput dir:[0m outputs/train/phone67modelv3
Downloading: "https://download.pytorch.org/models/resnet18-f37072fd.pth" to /root/.cache/torch/hub/checkpoints/resnet18-f37072fd.pth
INFO 2025-12-21 16:21:28 ot_train.py:262 cfg.steps=2000 (2K)
INFO 2025-12-21 16:21:28 ot_train.py:263 dataset.num_frames=107896 (108K)
INFO 2025-12-21 16:21:28 ot_train.py:264 dataset.num_episodes=606
INFO 2025-12-21 16:21:28 ot_train.py:267 Effective batch size: 64 x 1 = 64
INFO 2025-12-21 16:21:28 ot_train.py:268 num_learnable_params=51597190 (52M)
INFO 2025-12-21 16:21:28 ot_train.py:269 num_total_params=51597190 (52M)
INFO 2025-12-21 16:21:28 ot_train.py:324 Start offline training on a fixed dataset
INFO 2025-12-21 16:31:13 ot_train.py:351 step:200 smpl:13K ep:72 epch:0.12 loss:5.639 grdn:73.990 lr:1.0e-05 updt_s:2.898 data_s:0.028
INFO 2025-12-21 16:32:33 ot_train.py:351 step:400 smpl:26K ep:144 epch:0.24 loss:2.158 grdn:32.705 lr:1.0e-05 updt_s:0.383 data_s:0.014
INFO 2025-12-21 16:33:52 ot_train.py:351 step:600 smpl:38K ep:216 epch:0.36 loss:1.712 grdn:28.286 lr:1.0e-05 updt_s:0.384 data_s:0.014
INFO 2025-12-21 16:35:12 ot_train.py:351 step:800 smpl:51K ep:288 epch:0.47 loss:1.390 grdn:25.256 lr:1.0e-05 updt_s:0.383 data_s:0.014
INFO 2025-12-21 16:36:31 ot_train.py:351 step:1K smpl:64K ep:359 epch:0.59 loss:1.128 grdn:22.415 lr:1.0e-05 updt_s:0.383 data_s:0.014
INFO 2025-12-21 16:37:50 ot_train.py:351 step:1K smpl:77K ep:431 epch:0.71 loss:0.915 grdn:20.228 lr:1.0e-05 updt_s:0.383 data_s:0.014
INFO 2025-12-21 16:39:10 ot_train.py:351 step:1K smpl:90K ep:503 epch:0.83 loss:0.752 grdn:18.049 lr:1.0e-05 updt_s:0.383 data_s:0.014
INFO 2025-12-21 16:40:29 ot_train.py:351 step:2K smpl:102K ep:575 epch:0.95 loss:0.627 grdn:16.324 lr:1.0e-05 updt_s:0.383 data_s:0.014
INFO 2025-12-21 16:48:58 ot_train.py:351 step:2K smpl:115K ep:647 epch:1.07 loss:0.530 grdn:15.284 lr:1.0e-05 updt_s:2.503 data_s:0.043
INFO 2025-12-21 16:50:18 ot_train.py:351 step:2K smpl:128K ep:719 epch:1.19 loss:0.446 grdn:14.104 lr:1.0e-05 updt_s:0.383 data_s:0.014
INFO 2025-12-21 16:50:18 ot_train.py:361 Checkpoint policy after step 2000
INFO 2025-12-21 16:50:19 ot_train.py:430 End of training
Processing Files (1 / 1)      : 100%|██████████████|  207MB /  207MB, 86.1MB/s  
New Data Upload               : 100%|██████████████|  206MB /  206MB, 85.8MB/s  
  ...modelv3/model.safetensors: 100%|██████████████|  207MB /  207MB            
INFO 2025-12-21 16:50:24 etrained.py:237 Model pushed to https://huggingface.co/MeghanaM4/phone67modelv3
Processing Files (1 / 1)      : 100%|██████████████| 8.51kB / 8.51kB,  0.00B/s  
New Data Upload               : 100%|██████████████| 8.51kB / 8.51kB,  0.00B/s  
  ...zer_processor.safetensors: 100%|██████████████| 8.51kB / 8.51kB
Processing Files (1 / 1)      : 100%|██████████████| 8.51kB / 8.51kB,  0.00B/s  
New Data Upload               : |                  |  0.00B /  0.00B,  0.00B/s  
  ...zer_processor.safetensors: 100%|██████████████| 8.51kB / 8.51kB
