INFO 2025-12-21 17:44:55 db_utils.py:102 [1m[34mLogs will be synced with wandb.[0m
INFO 2025-12-21 17:44:55 db_utils.py:103 Track this run --> [1m[33mhttps://wandb.ai/meghanam4-hack-club/lerobot/runs/fj768rxr[0m
INFO 2025-12-21 17:44:55 ot_train.py:183 Creating dataset
INFO 2025-12-21 17:44:56 ot_train.py:202 Creating policy
Loading weights from local directory
INFO 2025-12-21 17:44:57 ot_train.py:247 Creating optimizer and scheduler
INFO 2025-12-21 17:44:58 ot_train.py:259 [1m[33mOutput dir:[0m outputs/train/phone67modelv3
INFO 2025-12-21 17:44:58 ot_train.py:262 cfg.steps=6000 (6K)
INFO 2025-12-21 17:44:58 ot_train.py:263 dataset.num_frames=107896 (108K)
INFO 2025-12-21 17:44:58 ot_train.py:264 dataset.num_episodes=606
INFO 2025-12-21 17:44:58 ot_train.py:267 Effective batch size: 64 x 1 = 64
INFO 2025-12-21 17:44:58 ot_train.py:268 num_learnable_params=51597190 (52M)
INFO 2025-12-21 17:44:58 ot_train.py:269 num_total_params=51597190 (52M)
INFO 2025-12-21 17:44:58 ot_train.py:324 Start offline training on a fixed dataset
INFO 2025-12-21 17:47:12 ot_train.py:351 step:2K smpl:141K ep:791 epch:1.30 loss:0.392 grdn:12.843 lr:1.0e-05 updt_s:0.639 data_s:0.030
INFO 2025-12-21 17:48:32 ot_train.py:351 step:2K smpl:154K ep:863 epch:1.42 loss:0.348 grdn:12.230 lr:1.0e-05 updt_s:0.387 data_s:0.014
INFO 2025-12-21 17:49:52 ot_train.py:351 step:3K smpl:166K ep:935 epch:1.54 loss:0.309 grdn:11.308 lr:1.0e-05 updt_s:0.385 data_s:0.014
INFO 2025-12-21 17:51:12 ot_train.py:351 step:3K smpl:179K ep:1K epch:1.66 loss:0.282 grdn:10.732 lr:1.0e-05 updt_s:0.386 data_s:0.014
Traceback (most recent call last):
  File "/opt/venv/bin/lerobot-train", line 7, in <module>
    sys.exit(main())
             ^^^^^^
  File "/workspace/lerobot/src/lerobot/scripts/lerobot_train.py", line 444, in main
    train()
  File "/workspace/lerobot/src/lerobot/configs/parser.py", line 233, in wrapper_inner
    response = fn(cfg, *args, **kwargs)
               ^^^^^^^^^^^^^^^^^^^^^^^^
  File "/workspace/lerobot/src/lerobot/scripts/lerobot_train.py", line 332, in train
    train_tracker, output_dict = update_policy(
                                 ^^^^^^^^^^^^^^
  File "/workspace/lerobot/src/lerobot/scripts/lerobot_train.py", line 91, in update_policy
    loss, output_dict = policy.forward(batch)
                        ^^^^^^^^^^^^^^^^^^^^^
  File "/workspace/lerobot/src/lerobot/policies/act/modeling_act.py", line 147, in forward
    loss_dict = {"l1_loss": l1_loss.item()}
                            ^^^^^^^^^^^^^^
KeyboardInterrupt
